C:\USERS\CARSTEN\DOCUMENTS\VISUAL STUDIO 2012\PROJECTS\WIN32PROJECTMYFIRST\WIN32PROJECTMYFIRST\DEBUG\WIN32PROJECTMYFIRST.PCH
C:\USERS\CARSTEN\DOCUMENTS\VISUAL STUDIO 2012\PROJECTS\WIN32PROJECTMYFIRST\WIN32PROJECTMYFIRST\DEBUG\STDAFX.OBJ
C:\USERS\CARSTEN\DOCUMENTS\VISUAL STUDIO 2012\PROJECTS\WIN32PROJECTMYFIRST\WIN32PROJECTMYFIRST\DEBUG\VC110.PDB
C:\USERS\CARSTEN\DOCUMENTS\VISUAL STUDIO 2012\PROJECTS\WIN32PROJECTMYFIRST\WIN32PROJECTMYFIRST\DEBUG\WIN32PROJECTMYFIRST.OBJ
C:\USERS\CARSTEN\DOCUMENTS\VISUAL STUDIO 2012\PROJECTS\WIN32PROJECTMYFIRST\WIN32PROJECTMYFIRST\DEBUG\MYFORM.OBJ
C:\USERS\CARSTEN\DOCUMENTS\VISUAL STUDIO 2012\PROJECTS\WIN32PROJECTMYFIRST\DEBUG\WIN32PROJECTMYFIRST.ILK
C:\USERS\CARSTEN\DOCUMENTS\VISUAL STUDIO 2012\PROJECTS\WIN32PROJECTMYFIRST\DEBUG\WIN32PROJECTMYFIRST.EXE
C:\USERS\CARSTEN\DOCUMENTS\VISUAL STUDIO 2012\PROJECTS\WIN32PROJECTMYFIRST\DEBUG\WIN32PROJECTMYFIRST.PDB
C:\USERS\CARSTEN\DOCUMENTS\VISUAL STUDIO 2012\PROJECTS\WIN32PROJECTMYFIRST\WIN32PROJECTMYFIRST\DEBUG\WIN32PROJECTMYFIRST.RES
c:\Users\Carsten\documents\visual studio 2012\Projects\Win32ProjectMyFirst\Win32ProjectMyFirst\Debug\Win32ProjectMyFirst.MyForm.resources
c:\Users\Carsten\documents\visual studio 2012\Projects\Win32ProjectMyFirst\Win32ProjectMyFirst\Debug\Win32ProjectMyFirst.vcxproj.GenerateResource.Cache
c:\Users\Carsten\documents\visual studio 2012\Projects\Win32ProjectMyFirst\Win32ProjectMyFirst\Debug\Win32ProjectMyFirst.vcxprojResolveAssemblyReference.cache
c:\Users\Carsten\documents\visual studio 2012\Projects\Win32ProjectMyFirst\Win32ProjectMyFirst\Debug\MyForm.obj
c:\Users\Carsten\documents\visual studio 2012\Projects\Win32ProjectMyFirst\Win32ProjectMyFirst\Debug\stdafx.obj
c:\Users\Carsten\documents\visual studio 2012\Projects\Win32ProjectMyFirst\Win32ProjectMyFirst\Debug\Win32ProjectMyFirst.obj
c:\Users\Carsten\documents\visual studio 2012\Projects\Win32ProjectMyFirst\Win32ProjectMyFirst\Debug\cl.command.1.tlog
c:\Users\Carsten\documents\visual studio 2012\Projects\Win32ProjectMyFirst\Win32ProjectMyFirst\Debug\CL.read.1.tlog
c:\Users\Carsten\documents\visual studio 2012\Projects\Win32ProjectMyFirst\Win32ProjectMyFirst\Debug\CL.write.1.tlog
c:\Users\Carsten\documents\visual studio 2012\Projects\Win32ProjectMyFirst\Win32ProjectMyFirst\Debug\link-cvtres.read.1.tlog
c:\Users\Carsten\documents\visual studio 2012\Projects\Win32ProjectMyFirst\Win32ProjectMyFirst\Debug\link-cvtres.write.1.tlog
c:\Users\Carsten\documents\visual studio 2012\Projects\Win32ProjectMyFirst\Win32ProjectMyFirst\Debug\link-rc.read.1.tlog
c:\Users\Carsten\documents\visual studio 2012\Projects\Win32ProjectMyFirst\Win32ProjectMyFirst\Debug\link-rc.write.1.tlog
c:\Users\Carsten\documents\visual studio 2012\Projects\Win32ProjectMyFirst\Win32ProjectMyFirst\Debug\link.3004.2004-cvtres.read.1.tlog
c:\Users\Carsten\documents\visual studio 2012\Projects\Win32ProjectMyFirst\Win32ProjectMyFirst\Debug\link.3004.2004-cvtres.write.1.tlog
c:\Users\Carsten\documents\visual studio 2012\Projects\Win32ProjectMyFirst\Win32ProjectMyFirst\Debug\link.3004.2004-rc.read.1.tlog
c:\Users\Carsten\documents\visual studio 2012\Projects\Win32ProjectMyFirst\Win32ProjectMyFirst\Debug\link.3004.2004-rc.write.1.tlog
c:\Users\Carsten\documents\visual studio 2012\Projects\Win32ProjectMyFirst\Win32ProjectMyFirst\Debug\link.3004.2004.read.1.tlog
c:\Users\Carsten\documents\visual studio 2012\Projects\Win32ProjectMyFirst\Win32ProjectMyFirst\Debug\link.3004.2004.write.1.tlog
c:\Users\Carsten\documents\visual studio 2012\Projects\Win32ProjectMyFirst\Win32ProjectMyFirst\Debug\link.3004.read.1.tlog
c:\Users\Carsten\documents\visual studio 2012\Projects\Win32ProjectMyFirst\Win32ProjectMyFirst\Debug\link.3004.write.1.tlog
c:\Users\Carsten\documents\visual studio 2012\Projects\Win32ProjectMyFirst\Win32ProjectMyFirst\Debug\link.5736-cvtres.read.1.tlog
c:\Users\Carsten\documents\visual studio 2012\Projects\Win32ProjectMyFirst\Win32ProjectMyFirst\Debug\link.5736-cvtres.write.1.tlog
c:\Users\Carsten\documents\visual studio 2012\Projects\Win32ProjectMyFirst\Win32ProjectMyFirst\Debug\link.5736-rc.read.1.tlog
c:\Users\Carsten\documents\visual studio 2012\Projects\Win32ProjectMyFirst\Win32ProjectMyFirst\Debug\link.5736-rc.write.1.tlog
c:\Users\Carsten\documents\visual studio 2012\Projects\Win32ProjectMyFirst\Win32ProjectMyFirst\Debug\link.5736.read.1.tlog
c:\Users\Carsten\documents\visual studio 2012\Projects\Win32ProjectMyFirst\Win32ProjectMyFirst\Debug\link.5736.write.1.tlog
c:\Users\Carsten\documents\visual studio 2012\Projects\Win32ProjectMyFirst\Win32ProjectMyFirst\Debug\link.command.1.tlog
c:\Users\Carsten\documents\visual studio 2012\Projects\Win32ProjectMyFirst\Win32ProjectMyFirst\Debug\link.read.1.tlog
c:\Users\Carsten\documents\visual studio 2012\Projects\Win32ProjectMyFirst\Win32ProjectMyFirst\Debug\link.write.1.tlog
c:\Users\Carsten\documents\visual studio 2012\Projects\Win32ProjectMyFirst\Win32ProjectMyFirst\Debug\rc.command.1.tlog
c:\Users\Carsten\documents\visual studio 2012\Projects\Win32ProjectMyFirst\Win32ProjectMyFirst\Debug\rc.read.1.tlog
c:\Users\Carsten\documents\visual studio 2012\Projects\Win32ProjectMyFirst\Win32ProjectMyFirst\Debug\rc.write.1.tlog
c:\Users\Carsten\documents\visual studio 2012\Projects\Win32ProjectMyFirst\Win32ProjectMyFirst\Debug\Win32ProjectMyFirst.write.1.tlog
c:\Users\Carsten\documents\visual studio 2012\Projects\Win32ProjectMyFirst\Win32ProjectMyFirst\Debug\Win32ProjectMyFirst.res
c:\Users\Carsten\documents\visual studio 2012\Projects\Win32ProjectMyFirst\Win32ProjectMyFirst\Debug\Win32ProjectMyFirst.pch
c:\Users\Carsten\documents\visual studio 2012\Projects\Win32ProjectMyFirst\Win32ProjectMyFirst\Debug\vc110.idb
c:\Users\Carsten\documents\visual studio 2012\Projects\Win32ProjectMyFirst\Win32ProjectMyFirst\Debug\vc110.pdb
c:\users\carsten\documents\visual studio 2012\Projects\Win32ProjectMyFirst\Debug\Win32ProjectMyFirst.pdb
c:\users\carsten\documents\visual studio 2012\Projects\Win32ProjectMyFirst\Debug\Win32ProjectMyFirst.exe
c:\users\carsten\documents\visual studio 2012\Projects\Win32ProjectMyFirst\Debug\Win32ProjectMyFirst.ilk
